<?xml version="1.0" encoding="utf-8"?><testsuites><testsuite name="pytest" errors="0" failures="0" skipped="0" tests="42" time="16.383" timestamp="2025-02-03T15:51:49.009353+01:00" hostname="Mac-mini-de-victor.local"><testcase classname="tests.api.auth.test_api_login" name="test_login_success" time="0.750" /><testcase classname="tests.api.auth.test_api_login" name="test_login_invalid_email" time="0.002" /><testcase classname="tests.api.auth.test_api_login" name="test_login_invalid_password" time="0.550" /><testcase classname="tests.api.auth.test_api_login" name="test_user_not_found" time="0.003" /><testcase classname="tests.api.auth.test_api_logout" name="test_logout_success" time="0.582" /><testcase classname="tests.api.auth.test_api_logout" name="test_logout_no_token" time="0.001" /><testcase classname="tests.api.auth.test_api_logout" name="test_logout_invalid_token" time="0.001" /><testcase classname="tests.api.auth.test_api_logout" name="test_logout_expired_token" time="0.601" /><testcase classname="tests.api.data.test_api_get_items" name="test_get_items" time="0.605" /><testcase classname="tests.api.data.test_api_get_items" name="test_get_items_with_source" time="0.537" /><testcase classname="tests.api.data.test_api_get_items" name="test_get_items_invalid_dates" time="0.506" /><testcase classname="tests.api.data.test_api_get_items" name="test_get_items_not_logged" time="0.342" /><testcase classname="tests.api.data.test_api_get_summary" name="test_get_summary" time="0.533" /><testcase classname="tests.api.data.test_api_get_summary" name="test_get_summary_invalid_dates" time="0.616" /><testcase classname="tests.api.data.test_api_get_summary" name="test_get_summary_not_logged" time="0.262" /><testcase classname="tests.api.data.test_api_get_summary" name="test_get_summary_source_list" time="0.553" /><testcase classname="tests.api.data.test_api_get_summary" name="test_get_summary_source_dict" time="0.545" /><testcase classname="tests.api.data.test_api_get_summary" name="test_get_summary_source_not_convertible" time="0.548" /><testcase classname="tests.api.users.get.test_api_get_users" name="test_get_one_user" time="0.493" /><testcase classname="tests.api.users.get.test_api_get_users" name="test_get_one_user_not_found" time="0.588" /><testcase classname="tests.api.users.get.test_api_get_users" name="test_get_one_user_not_authorized" time="0.839" /><testcase classname="tests.api.users.get.test_api_get_users" name="test_get_one_user_not_logged" time="0.305" /><testcase classname="tests.api.users.post.test_api_create_user" name="test_create_user" time="0.493" /><testcase classname="tests.api.users.post.test_api_create_user" name="test_create_user_empty_data" time="0.003" /><testcase classname="tests.api.users.post.test_api_create_user" name="test_create_email_already_used" time="0.280" /><testcase classname="tests.api.users.post.test_api_create_user" name="test_create_user_invalid_email" time="0.002" /><testcase classname="tests.api.users.post.test_api_create_user" name="test_create_discord_username_already_used" time="0.247" /><testcase classname="tests.api.users.post.test_api_create_user" name="test_create_github_username_already_used" time="0.257" /><testcase classname="tests.api.users.post.test_api_create_user" name="test_create_wallet_address_already_used" time="0.255" /><testcase classname="tests.api.users.put.test_api_put_user" name="test_user_update" time="0.690" /><testcase classname="tests.api.users.put.test_api_put_user" name="test_user_update_no_payload" time="0.580" /><testcase classname="tests.api.users.put.test_api_put_user" name="test_user_update_not_found" time="0.539" /><testcase classname="tests.api.users.put.test_api_put_user" name="test_user_update_not_logged" time="0.253" /><testcase classname="tests.api.users.put.test_api_put_user" name="test_put_one_user_not_authorized" time="0.773" /><testcase classname="tests.api.users.put.test_api_put_user" name="test_user_update_error_during_save" time="0.545" /><testcase classname="tests.models.users.test_create_user" name="test_model_create_user" time="0.490" /><testcase classname="tests.models.users.test_get_user" name="test_model_get_user" time="0.519" /><testcase classname="tests.models.users.test_get_user" name="test_model_get_user_wrong_id_format" time="0.000" /><testcase classname="tests.models.users.test_update_user" name="test_model_update_user" time="0.284" /><testcase classname="tests.schemas.test_schemas" name="test_input_create_user_schema" time="0.001" /><testcase classname="tests.test_config" name="test_default_config" time="0.000" /><testcase classname="tests.test_config" name="test_config" time="0.001" /></testsuite></testsuites>