<?xml version="1.0" encoding="utf-8"?><testsuites><testsuite name="pytest" errors="0" failures="0" skipped="0" tests="40" time="15.295" timestamp="2025-02-03T15:09:18.594312+01:00" hostname="Mac-mini-de-victor.local"><testcase classname="tests.api.auth.test_api_login" name="test_login_success" time="0.664" /><testcase classname="tests.api.auth.test_api_login" name="test_login_invalid_email" time="0.002" /><testcase classname="tests.api.auth.test_api_login" name="test_login_invalid_password" time="0.553" /><testcase classname="tests.api.auth.test_api_login" name="test_user_not_found" time="0.002" /><testcase classname="tests.api.auth.test_api_logout" name="test_logout_success" time="0.560" /><testcase classname="tests.api.auth.test_api_logout" name="test_logout_no_token" time="0.001" /><testcase classname="tests.api.auth.test_api_logout" name="test_logout_invalid_token" time="0.001" /><testcase classname="tests.api.auth.test_api_logout" name="test_logout_expired_token" time="0.499" /><testcase classname="tests.api.data.test_api_get_items" name="test_get_items" time="0.645" /><testcase classname="tests.api.data.test_api_get_items" name="test_get_items_with_source" time="0.570" /><testcase classname="tests.api.data.test_api_get_items" name="test_get_items_invalid_dates" time="0.687" /><testcase classname="tests.api.data.test_api_get_items" name="test_get_items_not_logged" time="0.391" /><testcase classname="tests.api.data.test_api_get_summary" name="test_get_summary" time="0.560" /><testcase classname="tests.api.data.test_api_get_summary" name="test_get_summary_invalid_dates" time="0.528" /><testcase classname="tests.api.data.test_api_get_summary" name="test_get_summary_not_logged" time="0.327" /><testcase classname="tests.api.data.test_api_get_summary" name="test_get_summary_source_list" time="0.512" /><testcase classname="tests.api.data.test_api_get_summary" name="test_get_summary_source_dict" time="0.528" /><testcase classname="tests.api.data.test_api_get_summary" name="test_get_summary_source_not_convertible" time="0.543" /><testcase classname="tests.api.users.get.test_api_get_users" name="test_get_one_user" time="0.534" /><testcase classname="tests.api.users.get.test_api_get_users" name="test_get_one_user_not_found" time="0.512" /><testcase classname="tests.api.users.get.test_api_get_users" name="test_get_one_user_not_authorized" time="0.786" /><testcase classname="tests.api.users.get.test_api_get_users" name="test_get_one_user_not_logged" time="0.279" /><testcase classname="tests.api.users.post.test_api_create_user" name="test_create_user" time="0.578" /><testcase classname="tests.api.users.post.test_api_create_user" name="test_create_user_empty_data" time="0.003" /><testcase classname="tests.api.users.post.test_api_create_user" name="test_create_email_already_used" time="0.254" /><testcase classname="tests.api.users.post.test_api_create_user" name="test_create_discord_username_already_used" time="0.249" /><testcase classname="tests.api.users.post.test_api_create_user" name="test_create_github_username_already_used" time="0.324" /><testcase classname="tests.api.users.post.test_api_create_user" name="test_create_wallet_address_already_used" time="0.279" /><testcase classname="tests.api.users.put.test_api_put_user" name="test_user_update" time="0.511" /><testcase classname="tests.api.users.put.test_api_put_user" name="test_user_update_no_payload" time="0.489" /><testcase classname="tests.api.users.put.test_api_put_user" name="test_user_update_not_found" time="0.496" /><testcase classname="tests.api.users.put.test_api_put_user" name="test_user_update_not_logged" time="0.253" /><testcase classname="tests.api.users.put.test_api_put_user" name="test_user_update_error_during_save" time="0.501" /><testcase classname="tests.models.users.test_create_user" name="test_model_create_user" time="0.499" /><testcase classname="tests.models.users.test_get_user" name="test_model_get_user" time="0.491" /><testcase classname="tests.models.users.test_get_user" name="test_model_get_user_wrong_id_format" time="0.000" /><testcase classname="tests.models.users.test_update_user" name="test_model_update_user" time="0.257" /><testcase classname="tests.schemas.test_schemas" name="test_input_create_user_schema" time="0.001" /><testcase classname="tests.test_config" name="test_default_config" time="0.000" /><testcase classname="tests.test_config" name="test_config" time="0.001" /></testsuite></testsuites>