<?xml version="1.0" encoding="utf-8"?><testsuites><testsuite name="pytest" errors="0" failures="0" skipped="0" tests="49" time="17.515" timestamp="2025-02-05T14:21:17.812712+01:00" hostname="Mac-mini-de-victor.local"><testcase classname="tests.api.auth.test_api_login" name="test_login_success" time="0.693" /><testcase classname="tests.api.auth.test_api_login" name="test_login_invalid_email" time="0.002" /><testcase classname="tests.api.auth.test_api_login" name="test_login_invalid_password" time="0.477" /><testcase classname="tests.api.auth.test_api_login" name="test_user_not_found" time="0.004" /><testcase classname="tests.api.auth.test_api_logout" name="test_logout_success" time="0.554" /><testcase classname="tests.api.auth.test_api_logout" name="test_logout_no_token" time="0.002" /><testcase classname="tests.api.auth.test_api_logout" name="test_logout_invalid_token" time="0.003" /><testcase classname="tests.api.auth.test_api_logout" name="test_logout_expired_token" time="0.545" /><testcase classname="tests.api.data.test_api_get_items" name="test_get_items" time="0.568" /><testcase classname="tests.api.data.test_api_get_items" name="test_get_items_with_source" time="0.545" /><testcase classname="tests.api.data.test_api_get_items" name="test_get_items_invalid_dates" time="0.531" /><testcase classname="tests.api.data.test_api_get_items" name="test_get_items_not_logged" time="0.273" /><testcase classname="tests.api.data.test_api_get_summary" name="test_get_summary" time="0.513" /><testcase classname="tests.api.data.test_api_get_summary" name="test_get_summary_invalid_dates" time="0.563" /><testcase classname="tests.api.data.test_api_get_summary" name="test_get_summary_not_logged" time="0.242" /><testcase classname="tests.api.data.test_api_get_summary" name="test_get_summary_source_list" time="0.497" /><testcase classname="tests.api.data.test_api_get_summary" name="test_get_summary_source_dict" time="0.491" /><testcase classname="tests.api.data.test_api_get_summary" name="test_get_summary_source_not_convertible" time="0.491" /><testcase classname="tests.api.users.get.test_api_get_users" name="test_get_one_user" time="0.495" /><testcase classname="tests.api.users.get.test_api_get_users" name="test_get_one_user_not_found" time="0.487" /><testcase classname="tests.api.users.get.test_api_get_users" name="test_get_one_user_not_authorized" time="0.736" /><testcase classname="tests.api.users.get.test_api_get_users" name="test_get_one_user_not_logged" time="0.265" /><testcase classname="tests.api.users.post.test_api_create_user" name="test_create_user" time="0.482" /><testcase classname="tests.api.users.post.test_api_create_user" name="test_create_user_empty_data" time="0.003" /><testcase classname="tests.api.users.post.test_api_create_user" name="test_create_email_already_used" time="0.246" /><testcase classname="tests.api.users.post.test_api_create_user" name="test_create_user_invalid_email" time="0.002" /><testcase classname="tests.api.users.post.test_api_create_user" name="test_create_discord_username_already_used" time="0.248" /><testcase classname="tests.api.users.post.test_api_create_user" name="test_create_github_username_already_used" time="0.257" /><testcase classname="tests.api.users.post.test_api_create_user" name="test_create_wallet_address_already_used" time="0.247" /><testcase classname="tests.api.users.put.test_api_put_user" name="test_user_update" time="0.520" /><testcase classname="tests.api.users.put.test_api_put_user" name="test_user_update_email" time="0.506" /><testcase classname="tests.api.users.put.test_api_put_user" name="test_user_update_password" time="1.241" /><testcase classname="tests.api.users.put.test_api_put_user" name="test_user_update_no_payload" time="0.500" /><testcase classname="tests.api.users.put.test_api_put_user" name="test_user_update_not_found" time="0.504" /><testcase classname="tests.api.users.put.test_api_put_user" name="test_user_update_not_logged" time="0.275" /><testcase classname="tests.api.users.put.test_api_put_user" name="test_put_one_user_not_authorized" time="0.778" /><testcase classname="tests.api.users.put.test_api_put_user" name="test_user_update_error_during_save" time="0.483" /><testcase classname="tests.email.test_send_email" name="test_send_email_localhost_success" time="0.002" /><testcase classname="tests.email.test_send_email" name="test_send_email_remote_server_success" time="0.002" /><testcase classname="tests.email.test_send_email" name="test_send_email_smtp_error" time="0.003" /><testcase classname="tests.models.users.test_create_user" name="test_model_create_user" time="0.484" /><testcase classname="tests.models.users.test_get_user" name="test_model_get_user" time="0.508" /><testcase classname="tests.models.users.test_get_user" name="test_model_get_user_wrong_id_format" time="0.000" /><testcase classname="tests.models.users.test_send_email_user" name="test_send_email_to_user" time="0.244" /><testcase classname="tests.models.users.test_send_email_user" name="test_send_email_to_user_error" time="0.259" /><testcase classname="tests.models.users.test_update_user" name="test_model_update_user" time="0.246" /><testcase classname="tests.schemas.test_schemas" name="test_input_create_user_schema" time="0.002" /><testcase classname="tests.test_config" name="test_default_config" time="0.000" /><testcase classname="tests.test_config" name="test_config" time="0.001" /></testsuite></testsuites>