<?xml version="1.0" encoding="utf-8"?><testsuites><testsuite name="pytest" errors="0" failures="0" skipped="0" tests="127" time="5.751" timestamp="2025-03-09T15:25:55.696557+01:00" hostname="Mac-mini-de-victor.local"><testcase classname="tests.api.auth.test_api_login" name="test_challenge_generation_success" time="0.422" /><testcase classname="tests.api.auth.test_api_login" name="test_challenge_wallet_not_found" time="0.002" /><testcase classname="tests.api.auth.test_api_login" name="test_signature_verification_success" time="0.019" /><testcase classname="tests.api.auth.test_api_login" name="test_signature_verification_invalid" time="0.014" /><testcase classname="tests.api.auth.test_api_login" name="test_signature_verification_expired_challenge" time="0.014" /><testcase classname="tests.api.auth.test_api_logout" name="test_logout_success" time="0.028" /><testcase classname="tests.api.auth.test_api_logout" name="test_logout_no_token" time="0.002" /><testcase classname="tests.api.auth.test_api_logout" name="test_logout_invalid_token" time="0.001" /><testcase classname="tests.api.auth.test_wallet_auth" name="test_solana_signature_validation" time="0.001" /><testcase classname="tests.api.auth.test_wallet_auth" name="test_challenge_message_generation" time="0.001" /><testcase classname="tests.api.auth.test_wallet_auth" name="test_challenge_route_success" time="0.016" /><testcase classname="tests.api.auth.test_wallet_auth" name="test_challenge_route_user_not_found" time="0.004" /><testcase classname="tests.api.auth.test_wallet_auth" name="test_verify_route_success" time="0.018" /><testcase classname="tests.api.auth.test_wallet_auth" name="test_verify_route_invalid_signature" time="0.016" /><testcase classname="tests.api.auth.test_wallet_auth" name="test_verify_route_expired_challenge" time="0.016" /><testcase classname="tests.api.auth.test_wallet_auth" name="test_verify_route_updates_last_login" time="0.018" /><testcase classname="tests.api.daos.delete.test_delete_dao" name="test_delete_dao" time="0.043" /><testcase classname="tests.api.daos.delete.test_delete_dao" name="test_delete_dao_not_found" time="0.024" /><testcase classname="tests.api.daos.delete.test_delete_dao" name="test_unauthorized_dao_delete" time="0.044" /><testcase classname="tests.api.daos.delete.test_remove_admin" name="test_remove_admin" time="0.059" /><testcase classname="tests.api.daos.delete.test_remove_admin" name="test_remove_admin_not_found" time="0.048" /><testcase classname="tests.api.daos.delete.test_remove_admin" name="test_remove_admin_dao_not_found" time="0.048" /><testcase classname="tests.api.daos.delete.test_remove_admin" name="test_user_not_in_dao" time="0.051" /><testcase classname="tests.api.daos.delete.test_remove_admin" name="test_unauthorized_admin_operations" time="0.066" /><testcase classname="tests.api.daos.delete.test_remove_members" name="test_remove_member" time="0.055" /><testcase classname="tests.api.daos.delete.test_remove_members" name="test_remove_member_not_found" time="0.041" /><testcase classname="tests.api.daos.delete.test_remove_members" name="test_remove_member_community_not_found" time="0.149" /><testcase classname="tests.api.daos.delete.test_remove_members" name="test_user_not_member" time="0.046" /><testcase classname="tests.api.daos.delete.test_remove_members" name="test_unauthorized_member_operations" time="0.060" /><testcase classname="tests.api.daos.get.test_get_dao" name="test_get_dao" time="0.034" /><testcase classname="tests.api.daos.get.test_get_dao" name="test_get_dao_not_found" time="0.023" /><testcase classname="tests.api.daos.get.test_get_daos" name="test_get_all_daos" time="0.039" /><testcase classname="tests.api.daos.post.test_add_admin" name="test_add_admin" time="0.048" /><testcase classname="tests.api.daos.post.test_add_admin" name="test_add_admin_not_found" time="0.056" /><testcase classname="tests.api.daos.post.test_add_admin" name="test_add_admin_dao_not_found" time="0.036" /><testcase classname="tests.api.daos.post.test_add_admin" name="test_add_admin_not_owner" time="0.064" /><testcase classname="tests.api.daos.post.test_add_admin" name="test_add_admin_already_admin" time="0.045" /><testcase classname="tests.api.daos.post.test_add_member" name="test_add_member" time="0.056" /><testcase classname="tests.api.daos.post.test_add_member" name="test_add_member_as_admin" time="0.059" /><testcase classname="tests.api.daos.post.test_add_member" name="test_add_member_not_found" time="0.044" /><testcase classname="tests.api.daos.post.test_add_member" name="test_add_member_dao_not_found" time="0.031" /><testcase classname="tests.api.daos.post.test_add_member" name="test_user_already_member" time="0.053" /><testcase classname="tests.api.daos.post.test_create_dao" name="test_create_dao" time="0.031" /><testcase classname="tests.api.daos.put.test_update_dao" name="test_update_dao" time="0.072" /><testcase classname="tests.api.daos.put.test_update_dao" name="test_unauthorized_dao_update" time="0.044" /><testcase classname="tests.api.daos.put.test_update_dao" name="test_update_dao_not_found" time="0.041" /><testcase classname="tests.api.data.test_api_get_items" name="test_get_items" time="0.105" /><testcase classname="tests.api.data.test_api_get_items" name="test_get_items_with_source" time="0.024" /><testcase classname="tests.api.data.test_api_get_items" name="test_get_items_invalid_dates" time="0.024" /><testcase classname="tests.api.data.test_api_get_items" name="test_get_items_not_logged" time="0.015" /><testcase classname="tests.api.data.test_api_get_summary" name="test_get_summary" time="0.027" /><testcase classname="tests.api.data.test_api_get_summary" name="test_get_summary_invalid_dates" time="0.023" /><testcase classname="tests.api.data.test_api_get_summary" name="test_get_summary_not_logged" time="0.015" /><testcase classname="tests.api.data.test_api_get_summary" name="test_get_summary_source_list" time="0.023" /><testcase classname="tests.api.data.test_api_get_summary" name="test_get_summary_source_dict" time="0.029" /><testcase classname="tests.api.data.test_api_get_summary" name="test_get_summary_source_not_convertible" time="0.024" /><testcase classname="tests.api.pods.delete.test_delete_pod" name="test_delete_pod" time="0.040" /><testcase classname="tests.api.pods.delete.test_delete_pod" name="test_remove_pod_member" time="0.105" /><testcase classname="tests.api.pods.delete.test_delete_pod_errors" name="test_delete_pod_unauthorized" time="0.042" /><testcase classname="tests.api.pods.delete.test_delete_pod_errors" name="test_delete_nonexistent_pod" time="0.034" /><testcase classname="tests.api.pods.delete.test_delete_pod_errors" name="test_remove_nonexistent_pod_member" time="0.055" /><testcase classname="tests.api.pods.delete.test_delete_pod_errors" name="test_remove_pod_member_not_in_community" time="0.056" /><testcase classname="tests.api.pods.delete.test_delete_pod_errors" name="test_delete_pod_wrong_community" time="0.054" /><testcase classname="tests.api.pods.delete.test_delete_pod_errors" name="test_leave_pod_not_in_pod" time="0.046" /><testcase classname="tests.api.pods.delete.test_delete_pod_errors" name="test_leave_pod_user_not_admin" time="0.065" /><testcase classname="tests.api.pods.delete.test_delete_pod_errors" name="test_remove_pod_member_pod_not_found" time="0.046" /><testcase classname="tests.api.pods.delete.test_delete_pod_errors" name="test_leave_pod_community_not_found" time="0.048" /><testcase classname="tests.api.pods.delete.test_delete_pod_errors" name="test_delete_pod_not_admin" time="0.068" /><testcase classname="tests.api.pods.get.test_get_pods" name="test_get_community_pods" time="0.059" /><testcase classname="tests.api.pods.get.test_get_pods" name="test_get_pod" time="0.044" /><testcase classname="tests.api.pods.get.test_get_pods" name="test_get_pod_members" time="0.045" /><testcase classname="tests.api.pods.get.test_get_pods_errors" name="test_get_nonexistent_pod" time="0.033" /><testcase classname="tests.api.pods.get.test_get_pods_errors" name="test_get_pod_wrong_community" time="0.041" /><testcase classname="tests.api.pods.get.test_get_pods_errors" name="test_get_pods_wrong_community" time="0.047" /><testcase classname="tests.api.pods.get.test_get_pods_errors" name="test_get_pods_unauthorized" time="0.071" /><testcase classname="tests.api.pods.get.test_get_pods_errors" name="test_get_pod_not_found" time="0.046" /><testcase classname="tests.api.pods.get.test_get_pods_errors" name="test_get_pod_community_not_found" time="0.051" /><testcase classname="tests.api.pods.post.test_create_pod" name="test_create_pod" time="0.035" /><testcase classname="tests.api.pods.post.test_create_pod" name="test_add_pod_member" time="0.048" /><testcase classname="tests.api.pods.post.test_create_pod_errors" name="test_create_pod_unauthorized" time="0.027" /><testcase classname="tests.api.pods.post.test_create_pod_errors" name="test_create_pod_invalid_data" time="0.034" /><testcase classname="tests.api.pods.post.test_create_pod_errors" name="test_add_duplicate_pod_member" time="0.057" /><testcase classname="tests.api.pods.post.test_create_pod_errors" name="test_create_pod_wrong_community" time="0.033" /><testcase classname="tests.api.pods.post.test_create_pod_errors" name="test_create_pod_not_admin" time="0.090" /><testcase classname="tests.api.pods.post.test_create_pod_errors" name="test_add_user_to_nonexistent_pod" time="0.044" /><testcase classname="tests.api.pods.post.test_create_pod_errors" name="test_add_user_to_pod_community_not_found" time="0.063" /><testcase classname="tests.api.pods.put.test_update_pod" name="test_update_pod" time="0.047" /><testcase classname="tests.api.pods.put.test_update_pod_errors" name="test_update_pod_unauthorized" time="0.037" /><testcase classname="tests.api.pods.put.test_update_pod_errors" name="test_update_nonexistent_pod" time="0.058" /><testcase classname="tests.api.pods.put.test_update_pod_errors" name="test_update_pod_invalid_data" time="0.044" /><testcase classname="tests.api.pods.put.test_update_pod_errors" name="test_update_pod_not_admin" time="0.061" /><testcase classname="tests.api.pods.put.test_update_pod_errors" name="test_update_pod_wrong_community" time="0.050" /><testcase classname="tests.api.users.get.test_api_get_users" name="test_get_auth_user" time="0.033" /><testcase classname="tests.api.users.get.test_api_get_users" name="test_get_one_user_not_logged" time="0.015" /><testcase classname="tests.api.users.get.test_api_get_users" name="test_check_user_exists" time="0.021" /><testcase classname="tests.api.users.get.test_api_get_users" name="test_check_user_does_not_exist" time="0.002" /><testcase classname="tests.api.users.post.test_api_create_user" name="test_create_user" time="0.014" /><testcase classname="tests.api.users.post.test_api_create_user" name="test_create_user_empty_data" time="0.003" /><testcase classname="tests.api.users.post.test_api_create_user" name="test_create_email_already_used" time="0.017" /><testcase classname="tests.api.users.post.test_api_create_user" name="test_create_user_invalid_email" time="0.006" /><testcase classname="tests.api.users.post.test_api_create_user" name="test_create_discord_username_already_used" time="0.017" /><testcase classname="tests.api.users.post.test_api_create_user" name="test_create_wallet_address_already_used" time="0.019" /><testcase classname="tests.api.users.post.test_api_create_user" name="test_create_user_username_already_used" time="0.015" /><testcase classname="tests.api.users.put.test_api_put_user" name="test_user_update" time="0.025" /><testcase classname="tests.api.users.put.test_api_put_user" name="test_user_update_email" time="0.029" /><testcase classname="tests.api.users.put.test_api_put_user" name="test_user_update_wallet_address" time="0.026" /><testcase classname="tests.api.users.put.test_api_put_user" name="test_user_update_no_payload" time="0.025" /><testcase classname="tests.api.users.put.test_api_put_user" name="test_user_update_not_found" time="0.022" /><testcase classname="tests.api.users.put.test_api_put_user" name="test_user_update_not_logged" time="0.019" /><testcase classname="tests.api.users.put.test_api_put_user" name="test_put_one_user_not_authorized" time="0.042" /><testcase classname="tests.email.test_send_email" name="test_send_email_localhost_success" time="0.003" /><testcase classname="tests.email.test_send_email" name="test_send_email_remote_server_success" time="0.002" /><testcase classname="tests.email.test_send_email" name="test_send_email_smtp_error" time="0.002" /><testcase classname="tests.models.daos.test_create_community_model" name="test_model_create_community" time="0.015" /><testcase classname="tests.models.daos.test_create_dao_model" name="test_model_create_dao" time="0.014" /><testcase classname="tests.models.pods.test_create_pod_model" name="test_model_create_pod" time="0.029" /><testcase classname="tests.models.pods.test_update_pod_model" name="test_update_pod" time="0.040" /><testcase classname="tests.models.pods.test_update_pod_model" name="test_partial_update_pod" time="0.035" /><testcase classname="tests.models.users.test_create_user" name="test_model_create_user" time="0.001" /><testcase classname="tests.models.users.test_get_user" name="test_model_get_user" time="0.031" /><testcase classname="tests.models.users.test_get_user" name="test_model_get_user_wrong_id_format" time="0.001" /><testcase classname="tests.models.users.test_send_email_user" name="test_send_email_to_user" time="0.013" /><testcase classname="tests.models.users.test_send_email_user" name="test_send_email_to_user_error" time="0.015" /><testcase classname="tests.models.users.test_update_user" name="test_model_update_user" time="0.013" /><testcase classname="tests.schemas.test_schemas" name="test_input_create_user_schema" time="0.001" /><testcase classname="tests.test_config" name="test_default_config" time="0.000" /><testcase classname="tests.test_config" name="test_config" time="0.006" /></testsuite></testsuites>