<?xml version="1.0" encoding="utf-8"?><testsuites><testsuite name="pytest" errors="0" failures="0" skipped="0" tests="122" time="72.908" timestamp="2025-02-22T12:33:52.861264+01:00" hostname="Mac-mini-de-victor.local"><testcase classname="tests.api.auth.test_api_login" name="test_login_success" time="0.774" /><testcase classname="tests.api.auth.test_api_login" name="test_login_invalid_email" time="0.012" /><testcase classname="tests.api.auth.test_api_login" name="test_login_invalid_password" time="0.557" /><testcase classname="tests.api.auth.test_api_login" name="test_user_not_found" time="0.004" /><testcase classname="tests.api.auth.test_api_logout" name="test_logout_success" time="0.586" /><testcase classname="tests.api.auth.test_api_logout" name="test_logout_no_token" time="0.001" /><testcase classname="tests.api.auth.test_api_logout" name="test_logout_invalid_token" time="0.002" /><testcase classname="tests.api.auth.test_api_logout" name="test_logout_expired_token" time="0.509" /><testcase classname="tests.api.communities.delete.test_delete_community" name="test_delete_community" time="0.554" /><testcase classname="tests.api.communities.delete.test_delete_community" name="test_delete_community_not_found" time="0.538" /><testcase classname="tests.api.communities.delete.test_delete_community" name="test_unauthorized_community_delete" time="0.792" /><testcase classname="tests.api.communities.delete.test_remove_admin" name="test_remove_admin" time="0.808" /><testcase classname="tests.api.communities.delete.test_remove_admin" name="test_remove_admin_not_found" time="0.794" /><testcase classname="tests.api.communities.delete.test_remove_admin" name="test_remove_admin_community_not_found" time="0.754" /><testcase classname="tests.api.communities.delete.test_remove_admin" name="test_user_not_in_community" time="1.059" /><testcase classname="tests.api.communities.delete.test_remove_admin" name="test_unauthorized_admin_operations" time="1.494" /><testcase classname="tests.api.communities.delete.test_remove_admin" name="test_not_admin" time="0.836" /><testcase classname="tests.api.communities.delete.test_remove_members" name="test_remove_member" time="0.897" /><testcase classname="tests.api.communities.delete.test_remove_members" name="test_remove_member_not_found" time="0.848" /><testcase classname="tests.api.communities.delete.test_remove_members" name="test_remove_member_community_not_found" time="0.851" /><testcase classname="tests.api.communities.delete.test_remove_members" name="test_user_not_member" time="0.870" /><testcase classname="tests.api.communities.delete.test_remove_members" name="test_unauthorized_member_operations" time="1.236" /><testcase classname="tests.api.communities.get.test_get_communities" name="test_get_all_communities" time="0.554" /><testcase classname="tests.api.communities.get.test_get_community" name="test_get_community" time="0.602" /><testcase classname="tests.api.communities.get.test_get_community" name="test_get_community_not_found" time="0.505" /><testcase classname="tests.api.communities.post.test_add_admin" name="test_add_admin" time="0.828" /><testcase classname="tests.api.communities.post.test_add_admin" name="test_add_admin_not_found" time="0.824" /><testcase classname="tests.api.communities.post.test_add_admin" name="test_add_admin_community_not_found" time="0.810" /><testcase classname="tests.api.communities.post.test_add_admin" name="test_add_admin_not_owner" time="1.291" /><testcase classname="tests.api.communities.post.test_add_admin" name="test_add_admin_already_admin" time="0.789" /><testcase classname="tests.api.communities.post.test_add_member" name="test_add_member" time="0.892" /><testcase classname="tests.api.communities.post.test_add_member" name="test_add_member_as_admin" time="1.688" /><testcase classname="tests.api.communities.post.test_add_member" name="test_add_member_not_found" time="1.045" /><testcase classname="tests.api.communities.post.test_add_member" name="test_add_member_community_not_found" time="1.093" /><testcase classname="tests.api.communities.post.test_add_member" name="test_user_already_member" time="0.661" /><testcase classname="tests.api.communities.post.test_create_community" name="test_create_community" time="0.585" /><testcase classname="tests.api.communities.put.test_update_community" name="test_update_community" time="0.626" /><testcase classname="tests.api.communities.put.test_update_community" name="test_unauthorized_community_update" time="0.925" /><testcase classname="tests.api.communities.put.test_update_community" name="test_update_community_not_found" time="0.611" /><testcase classname="tests.api.data.test_api_get_items" name="test_get_items" time="0.685" /><testcase classname="tests.api.data.test_api_get_items" name="test_get_items_with_source" time="0.612" /><testcase classname="tests.api.data.test_api_get_items" name="test_get_items_invalid_dates" time="0.586" /><testcase classname="tests.api.data.test_api_get_items" name="test_get_items_not_logged" time="0.259" /><testcase classname="tests.api.data.test_api_get_summary" name="test_get_summary" time="0.723" /><testcase classname="tests.api.data.test_api_get_summary" name="test_get_summary_invalid_dates" time="0.657" /><testcase classname="tests.api.data.test_api_get_summary" name="test_get_summary_not_logged" time="0.347" /><testcase classname="tests.api.data.test_api_get_summary" name="test_get_summary_source_list" time="0.557" /><testcase classname="tests.api.data.test_api_get_summary" name="test_get_summary_source_dict" time="0.562" /><testcase classname="tests.api.data.test_api_get_summary" name="test_get_summary_source_not_convertible" time="0.549" /><testcase classname="tests.api.pods.delete.test_delete_pod" name="test_delete_pod" time="0.580" /><testcase classname="tests.api.pods.delete.test_delete_pod" name="test_remove_pod_member" time="0.548" /><testcase classname="tests.api.pods.delete.test_delete_pod_errors" name="test_delete_pod_unauthorized" time="0.323" /><testcase classname="tests.api.pods.delete.test_delete_pod_errors" name="test_delete_nonexistent_pod" time="0.529" /><testcase classname="tests.api.pods.delete.test_delete_pod_errors" name="test_remove_nonexistent_pod_member" time="0.522" /><testcase classname="tests.api.pods.delete.test_delete_pod_errors" name="test_remove_pod_member_not_in_community" time="0.867" /><testcase classname="tests.api.pods.delete.test_delete_pod_errors" name="test_delete_pod_wrong_community" time="0.517" /><testcase classname="tests.api.pods.delete.test_delete_pod_errors" name="test_leave_pod_not_in_pod" time="0.511" /><testcase classname="tests.api.pods.delete.test_delete_pod_errors" name="test_leave_pod_user_not_admin" time="1.054" /><testcase classname="tests.api.pods.delete.test_delete_pod_errors" name="test_remove_pod_member_pod_not_found" time="0.629" /><testcase classname="tests.api.pods.delete.test_delete_pod_errors" name="test_leave_pod_community_not_found" time="0.789" /><testcase classname="tests.api.pods.delete.test_delete_pod_errors" name="test_delete_pod_not_admin" time="1.194" /><testcase classname="tests.api.pods.get.test_get_pods" name="test_get_community_pods" time="0.778" /><testcase classname="tests.api.pods.get.test_get_pods" name="test_get_pod" time="0.531" /><testcase classname="tests.api.pods.get.test_get_pods" name="test_get_pod_members" time="0.775" /><testcase classname="tests.api.pods.get.test_get_pods_errors" name="test_get_nonexistent_pod" time="0.689" /><testcase classname="tests.api.pods.get.test_get_pods_errors" name="test_get_pod_wrong_community" time="0.551" /><testcase classname="tests.api.pods.get.test_get_pods_errors" name="test_get_pods_wrong_community" time="0.756" /><testcase classname="tests.api.pods.get.test_get_pods_errors" name="test_get_pods_unauthorized" time="0.771" /><testcase classname="tests.api.pods.get.test_get_pods_errors" name="test_get_pod_not_found" time="0.523" /><testcase classname="tests.api.pods.get.test_get_pods_errors" name="test_get_pod_community_not_found" time="0.526" /><testcase classname="tests.api.pods.post.test_create_pod" name="test_create_pod" time="0.530" /><testcase classname="tests.api.pods.post.test_create_pod" name="test_add_pod_member" time="0.531" /><testcase classname="tests.api.pods.post.test_create_pod_errors" name="test_create_pod_unauthorized" time="0.270" /><testcase classname="tests.api.pods.post.test_create_pod_errors" name="test_create_pod_invalid_data" time="0.567" /><testcase classname="tests.api.pods.post.test_create_pod_errors" name="test_add_duplicate_pod_member" time="0.584" /><testcase classname="tests.api.pods.post.test_create_pod_errors" name="test_create_pod_wrong_community" time="0.603" /><testcase classname="tests.api.pods.post.test_create_pod_errors" name="test_create_pod_not_admin" time="0.863" /><testcase classname="tests.api.pods.post.test_create_pod_errors" name="test_add_user_to_nonexistent_pod" time="0.583" /><testcase classname="tests.api.pods.post.test_create_pod_errors" name="test_add_user_to_pod_not_admin" time="1.075" /><testcase classname="tests.api.pods.post.test_create_pod_errors" name="test_add_user_to_pod_not_member" time="1.221" /><testcase classname="tests.api.pods.post.test_create_pod_errors" name="test_add_user_to_pod_not_in_community" time="0.870" /><testcase classname="tests.api.pods.post.test_create_pod_errors" name="test_add_user_to_pod_community_not_found" time="0.918" /><testcase classname="tests.api.pods.put.test_update_pod" name="test_update_pod" time="0.528" /><testcase classname="tests.api.pods.put.test_update_pod_errors" name="test_update_pod_unauthorized" time="0.271" /><testcase classname="tests.api.pods.put.test_update_pod_errors" name="test_update_nonexistent_pod" time="0.532" /><testcase classname="tests.api.pods.put.test_update_pod_errors" name="test_update_pod_invalid_data" time="0.528" /><testcase classname="tests.api.pods.put.test_update_pod_errors" name="test_update_pod_not_admin" time="0.816" /><testcase classname="tests.api.pods.put.test_update_pod_errors" name="test_update_pod_wrong_community" time="0.536" /><testcase classname="tests.api.users.get.test_api_get_users" name="test_get_one_user" time="0.508" /><testcase classname="tests.api.users.get.test_api_get_users" name="test_get_one_user_not_found" time="0.515" /><testcase classname="tests.api.users.get.test_api_get_users" name="test_get_one_user_not_authorized" time="0.813" /><testcase classname="tests.api.users.get.test_api_get_users" name="test_get_one_user_not_logged" time="0.254" /><testcase classname="tests.api.users.post.test_api_create_user" name="test_create_user" time="0.621" /><testcase classname="tests.api.users.post.test_api_create_user" name="test_create_user_empty_data" time="0.003" /><testcase classname="tests.api.users.post.test_api_create_user" name="test_create_email_already_used" time="0.288" /><testcase classname="tests.api.users.post.test_api_create_user" name="test_create_user_invalid_email" time="0.002" /><testcase classname="tests.api.users.post.test_api_create_user" name="test_create_discord_username_already_used" time="0.283" /><testcase classname="tests.api.users.post.test_api_create_user" name="test_create_wallet_address_already_used" time="0.254" /><testcase classname="tests.api.users.put.test_api_put_user" name="test_user_update" time="0.538" /><testcase classname="tests.api.users.put.test_api_put_user" name="test_user_update_email" time="0.598" /><testcase classname="tests.api.users.put.test_api_put_user" name="test_user_update_password" time="1.344" /><testcase classname="tests.api.users.put.test_api_put_user" name="test_user_update_wallet_address" time="0.513" /><testcase classname="tests.api.users.put.test_api_put_user" name="test_user_update_no_payload" time="0.521" /><testcase classname="tests.api.users.put.test_api_put_user" name="test_user_update_not_found" time="0.564" /><testcase classname="tests.api.users.put.test_api_put_user" name="test_user_update_not_logged" time="0.246" /><testcase classname="tests.api.users.put.test_api_put_user" name="test_put_one_user_not_authorized" time="0.748" /><testcase classname="tests.email.test_send_email" name="test_send_email_localhost_success" time="0.002" /><testcase classname="tests.email.test_send_email" name="test_send_email_remote_server_success" time="0.003" /><testcase classname="tests.email.test_send_email" name="test_send_email_smtp_error" time="0.002" /><testcase classname="tests.models.communities.test_create_community_model" name="test_model_create_community" time="0.256" /><testcase classname="tests.models.pods.test_create_pod_model" name="test_model_create_pod" time="0.260" /><testcase classname="tests.models.pods.test_update_pod_model" name="test_update_pod" time="0.285" /><testcase classname="tests.models.pods.test_update_pod_model" name="test_partial_update_pod" time="0.286" /><testcase classname="tests.models.users.test_create_user" name="test_model_create_user" time="0.518" /><testcase classname="tests.models.users.test_get_user" name="test_model_get_user" time="0.524" /><testcase classname="tests.models.users.test_get_user" name="test_model_get_user_wrong_id_format" time="0.001" /><testcase classname="tests.models.users.test_send_email_user" name="test_send_email_to_user" time="0.316" /><testcase classname="tests.models.users.test_send_email_user" name="test_send_email_to_user_error" time="0.262" /><testcase classname="tests.models.users.test_update_user" name="test_model_update_user" time="0.263" /><testcase classname="tests.schemas.test_schemas" name="test_input_create_user_schema" time="0.001" /><testcase classname="tests.test_config" name="test_default_config" time="0.000" /><testcase classname="tests.test_config" name="test_config" time="0.005" /></testsuite></testsuites>