<?xml version="1.0" encoding="utf-8"?><testsuites><testsuite name="pytest" errors="0" failures="0" skipped="2" tests="180" time="11.498" timestamp="2025-03-14T16:21:23.404364+01:00" hostname="Mac-mini-de-victor.local"><testcase classname="tests.api.auth.test_api_login" name="test_challenge_generation_success" time="0.537" /><testcase classname="tests.api.auth.test_api_login" name="test_challenge_wallet_not_found" time="0.007" /><testcase classname="tests.api.auth.test_api_login" name="test_signature_verification_success" time="0.033" /><testcase classname="tests.api.auth.test_api_login" name="test_signature_verification_invalid" time="0.047" /><testcase classname="tests.api.auth.test_api_login" name="test_signature_verification_expired_challenge" time="0.035" /><testcase classname="tests.api.auth.test_api_logout" name="test_logout_success" time="0.051" /><testcase classname="tests.api.auth.test_api_logout" name="test_logout_no_token" time="0.005" /><testcase classname="tests.api.auth.test_api_logout" name="test_logout_invalid_token" time="0.003" /><testcase classname="tests.api.auth.test_wallet_auth" name="test_solana_signature_validation" time="0.002" /><testcase classname="tests.api.auth.test_wallet_auth" name="test_challenge_message_generation" time="0.001" /><testcase classname="tests.api.auth.test_wallet_auth" name="test_challenge_route_success" time="0.038" /><testcase classname="tests.api.auth.test_wallet_auth" name="test_challenge_route_user_not_found" time="0.014" /><testcase classname="tests.api.auth.test_wallet_auth" name="test_verify_route_success" time="0.027" /><testcase classname="tests.api.auth.test_wallet_auth" name="test_verify_route_invalid_signature" time="0.027" /><testcase classname="tests.api.auth.test_wallet_auth" name="test_verify_route_expired_challenge" time="0.034" /><testcase classname="tests.api.auth.test_wallet_auth" name="test_verify_route_updates_last_login" time="0.046" /><testcase classname="tests.api.daos.delete.test_delete_dao" name="test_delete_dao" time="0.080" /><testcase classname="tests.api.daos.delete.test_delete_dao" name="test_delete_dao_not_found" time="0.049" /><testcase classname="tests.api.daos.delete.test_delete_dao" name="test_unauthorized_dao_delete" time="0.076" /><testcase classname="tests.api.daos.delete.test_remove_admin" name="test_remove_admin" time="0.130" /><testcase classname="tests.api.daos.delete.test_remove_admin" name="test_remove_admin_not_found" time="0.119" /><testcase classname="tests.api.daos.delete.test_remove_admin" name="test_remove_admin_dao_not_found" time="0.061" /><testcase classname="tests.api.daos.delete.test_remove_admin" name="test_user_not_in_dao" time="0.125" /><testcase classname="tests.api.daos.delete.test_remove_admin" name="test_unauthorized_admin_operations" time="0.111" /><testcase classname="tests.api.daos.delete.test_remove_members" name="test_remove_member" time="0.150" /><testcase classname="tests.api.daos.delete.test_remove_members" name="test_remove_member_not_found" time="0.062" /><testcase classname="tests.api.daos.delete.test_remove_members" name="test_remove_member_community_not_found" time="0.040" /><testcase classname="tests.api.daos.delete.test_remove_members" name="test_user_not_member" time="0.080" /><testcase classname="tests.api.daos.delete.test_remove_members" name="test_unauthorized_member_operations" time="0.066" /><testcase classname="tests.api.daos.get.test_get_dao" name="test_get_dao" time="0.056" /><testcase classname="tests.api.daos.get.test_get_dao" name="test_get_dao_not_found" time="0.028" /><testcase classname="tests.api.daos.get.test_get_daos" name="test_get_all_daos" time="0.049" /><testcase classname="tests.api.daos.post.test_add_admin" name="test_add_admin" time="0.084" /><testcase classname="tests.api.daos.post.test_add_admin" name="test_add_admin_not_found" time="0.051" /><testcase classname="tests.api.daos.post.test_add_admin" name="test_add_admin_dao_not_found" time="0.042" /><testcase classname="tests.api.daos.post.test_add_admin" name="test_add_admin_not_owner" time="0.060" /><testcase classname="tests.api.daos.post.test_add_admin" name="test_add_admin_already_admin" time="0.099" /><testcase classname="tests.api.daos.post.test_add_member" name="test_add_member" time="0.054" /><testcase classname="tests.api.daos.post.test_add_member" name="test_add_member_as_admin" time="0.057" /><testcase classname="tests.api.daos.post.test_add_member" name="test_add_member_not_found" time="0.047" /><testcase classname="tests.api.daos.post.test_add_member" name="test_add_member_dao_not_found" time="0.031" /><testcase classname="tests.api.daos.post.test_add_member" name="test_user_already_member" time="0.032" /><testcase classname="tests.api.daos.post.test_create_dao" name="test_create_dao" time="0.035" /><testcase classname="tests.api.daos.put.test_update_dao" name="test_update_dao" time="0.036" /><testcase classname="tests.api.daos.put.test_update_dao" name="test_unauthorized_dao_update" time="0.058" /><testcase classname="tests.api.daos.put.test_update_dao" name="test_update_dao_not_found" time="0.036" /><testcase classname="tests.api.discord.delete.test_unlink_discord_channel" name="test_unlink_discord_channel" time="0.063" /><testcase classname="tests.api.discord.delete.test_unlink_discord_channel" name="test_unlink_discord_channel_not_linked" time="0.054" /><testcase classname="tests.api.discord.delete.test_unlink_discord_channel" name="test_unlink_discord_channel_not_found" time="0.045" /><testcase classname="tests.api.discord.delete.test_unlink_discord_channel" name="test_unlink_discord_channel_pod_not_found" time="0.050" /><testcase classname="tests.api.discord.delete.test_unlink_discord_channel" name="test_unlink_discord_channel_dao_not_found" time="0.045" /><testcase classname="tests.api.discord.delete.test_unlink_discord_channel" name="test_unlink_discord_channel_unauthorized" time="0.056" /><testcase classname="tests.api.discord.get.test_cache_behavior" name="test_pod_feed_caching" time="0.169" /><testcase classname="tests.api.discord.get.test_cache_behavior" name="test_cache_invalidation_on_link" time="0.009"><skipped type="pytest.skip" message="Cache invalidation test needs to be fixed">/Users/victor/Workspace/DAO-API/tests/api/discord/get/test_cache_behavior.py:47: Cache invalidation test needs to be fixed</skipped></testcase><testcase classname="tests.api.discord.get.test_cache_behavior" name="test_cache_invalidation_on_unlink" time="0.001"><skipped type="pytest.skip" message="Cache invalidation test needs to be fixed">/Users/victor/Workspace/DAO-API/tests/api/discord/get/test_cache_behavior.py:83: Cache invalidation test needs to be fixed</skipped></testcase><testcase classname="tests.api.discord.get.test_get_discord_channels" name="test_get_pod_discord_channels" time="0.184" /><testcase classname="tests.api.discord.get.test_get_discord_channels" name="test_get_pod_discord_channels_empty" time="0.086" /><testcase classname="tests.api.discord.get.test_get_discord_channels" name="test_get_pod_discord_channels_dao_not_found" time="0.093" /><testcase classname="tests.api.discord.get.test_get_discord_channels" name="test_get_pod_discord_channels_pod_not_found" time="0.083" /><testcase classname="tests.api.discord.get.test_get_discord_channels" name="test_get_pod_discord_channels_unauthorized" time="0.070" /><testcase classname="tests.api.discord.get.test_get_discord_channels" name="test_get_channel_messages" time="0.069" /><testcase classname="tests.api.discord.get.test_get_discord_channels" name="test_get_channel_messages_with_limit" time="0.075" /><testcase classname="tests.api.discord.get.test_get_discord_channels" name="test_get_channel_messages_channel_not_found" time="0.051" /><testcase classname="tests.api.discord.get.test_get_discord_channels" name="test_get_channel_messages_not_linked_to_pod" time="0.056" /><testcase classname="tests.api.discord.get.test_get_feed" name="test_get_pod_feed" time="0.073" /><testcase classname="tests.api.discord.get.test_get_feed" name="test_get_pod_feed_with_limit" time="0.068" /><testcase classname="tests.api.discord.get.test_get_feed" name="test_get_pod_feed_empty" time="0.062" /><testcase classname="tests.api.discord.get.test_get_feed" name="test_get_pod_feed_dao_not_found" time="0.067" /><testcase classname="tests.api.discord.get.test_get_feed" name="test_get_pod_feed_pod_not_found" time="0.036" /><testcase classname="tests.api.discord.get.test_get_feed" name="test_get_pod_feed_unauthorized" time="0.089" /><testcase classname="tests.api.discord.get.test_get_feed" name="test_get_pod_feed_wrong_dao" time="0.066" /><testcase classname="tests.api.discord.post.test_link_discord_channel" name="test_link_discord_channel" time="0.056" /><testcase classname="tests.api.discord.post.test_link_discord_channel" name="test_link_discord_channel_already_linked" time="0.061" /><testcase classname="tests.api.discord.post.test_link_discord_channel" name="test_link_discord_channel_not_found" time="0.056" /><testcase classname="tests.api.discord.post.test_link_discord_channel" name="test_link_discord_channel_pod_not_found" time="0.060" /><testcase classname="tests.api.discord.post.test_link_discord_channel" name="test_link_discord_channel_dao_not_found" time="0.064" /><testcase classname="tests.api.discord.post.test_link_discord_channel" name="test_link_discord_channel_unauthorized" time="0.061" /><testcase classname="tests.api.pods.delete.test_delete_pod" name="test_delete_pod" time="0.070" /><testcase classname="tests.api.pods.delete.test_delete_pod" name="test_remove_pod_member" time="0.086" /><testcase classname="tests.api.pods.delete.test_delete_pod_errors" name="test_delete_pod_unauthorized" time="0.035" /><testcase classname="tests.api.pods.delete.test_delete_pod_errors" name="test_delete_nonexistent_pod" time="0.049" /><testcase classname="tests.api.pods.delete.test_delete_pod_errors" name="test_remove_nonexistent_pod_member" time="0.049" /><testcase classname="tests.api.pods.delete.test_delete_pod_errors" name="test_remove_pod_member_not_in_community" time="0.053" /><testcase classname="tests.api.pods.delete.test_delete_pod_errors" name="test_delete_pod_wrong_community" time="0.041" /><testcase classname="tests.api.pods.delete.test_delete_pod_errors" name="test_leave_pod_not_in_pod" time="0.060" /><testcase classname="tests.api.pods.delete.test_delete_pod_errors" name="test_leave_pod_user_not_admin" time="0.061" /><testcase classname="tests.api.pods.delete.test_delete_pod_errors" name="test_remove_pod_member_pod_not_found" time="0.051" /><testcase classname="tests.api.pods.delete.test_delete_pod_errors" name="test_leave_pod_community_not_found" time="0.044" /><testcase classname="tests.api.pods.delete.test_delete_pod_errors" name="test_delete_pod_not_admin" time="0.086" /><testcase classname="tests.api.pods.get.test_get_pods" name="test_get_community_pods" time="0.052" /><testcase classname="tests.api.pods.get.test_get_pods" name="test_get_pod" time="0.048" /><testcase classname="tests.api.pods.get.test_get_pods" name="test_get_pod_members" time="0.066" /><testcase classname="tests.api.pods.get.test_get_pods_errors" name="test_get_nonexistent_pod" time="0.035" /><testcase classname="tests.api.pods.get.test_get_pods_errors" name="test_get_pod_wrong_community" time="0.066" /><testcase classname="tests.api.pods.get.test_get_pods_errors" name="test_get_pods_wrong_community" time="0.048" /><testcase classname="tests.api.pods.get.test_get_pods_errors" name="test_get_pods_unauthorized" time="0.067" /><testcase classname="tests.api.pods.get.test_get_pods_errors" name="test_get_pod_not_found" time="0.053" /><testcase classname="tests.api.pods.get.test_get_pods_errors" name="test_get_pod_community_not_found" time="0.046" /><testcase classname="tests.api.pods.post.test_create_pod" name="test_create_pod" time="0.063" /><testcase classname="tests.api.pods.post.test_create_pod" name="test_add_pod_member" time="0.067" /><testcase classname="tests.api.pods.post.test_create_pod_errors" name="test_create_pod_unauthorized" time="0.048" /><testcase classname="tests.api.pods.post.test_create_pod_errors" name="test_create_pod_invalid_data" time="0.123" /><testcase classname="tests.api.pods.post.test_create_pod_errors" name="test_add_duplicate_pod_member" time="0.076" /><testcase classname="tests.api.pods.post.test_create_pod_errors" name="test_create_pod_wrong_community" time="0.039" /><testcase classname="tests.api.pods.post.test_create_pod_errors" name="test_create_pod_not_admin" time="0.066" /><testcase classname="tests.api.pods.post.test_create_pod_errors" name="test_add_user_to_nonexistent_pod" time="0.070" /><testcase classname="tests.api.pods.post.test_create_pod_errors" name="test_add_user_to_pod_community_not_found" time="0.058" /><testcase classname="tests.api.pods.put.test_update_pod" name="test_update_pod" time="0.056" /><testcase classname="tests.api.pods.put.test_update_pod_errors" name="test_update_pod_unauthorized" time="0.036" /><testcase classname="tests.api.pods.put.test_update_pod_errors" name="test_update_nonexistent_pod" time="0.037" /><testcase classname="tests.api.pods.put.test_update_pod_errors" name="test_update_pod_invalid_data" time="0.042" /><testcase classname="tests.api.pods.put.test_update_pod_errors" name="test_update_pod_not_admin" time="0.067" /><testcase classname="tests.api.pods.put.test_update_pod_errors" name="test_update_pod_wrong_community" time="0.048" /><testcase classname="tests.api.treasury.get.test_get_dao_tokens" name="test_get_dao_tokens" time="0.112" /><testcase classname="tests.api.treasury.get.test_get_dao_tokens" name="test_get_dao_tokens_unauthorized" time="0.045" /><testcase classname="tests.api.treasury.get.test_get_dao_tokens" name="test_get_dao_tokens_not_found" time="0.023" /><testcase classname="tests.api.treasury.get.test_get_dao_transfers" name="test_get_dao_transfers" time="0.068" /><testcase classname="tests.api.treasury.get.test_get_dao_transfers" name="test_get_dao_transfers_unauthorized" time="0.030" /><testcase classname="tests.api.treasury.get.test_get_dao_transfers" name="test_get_dao_transfers_not_found" time="0.021" /><testcase classname="tests.api.treasury.get.test_get_dao_treasury" name="test_get_dao_treasury" time="0.054" /><testcase classname="tests.api.treasury.get.test_get_dao_treasury" name="test_get_dao_treasury_unauthorized" time="0.033" /><testcase classname="tests.api.treasury.get.test_get_dao_treasury" name="test_get_dao_treasury_not_found" time="0.037" /><testcase classname="tests.api.treasury.post.test_create_token" name="test_create_token" time="0.045" /><testcase classname="tests.api.treasury.post.test_create_token" name="test_create_token_unauthorized" time="0.028" /><testcase classname="tests.api.treasury.post.test_create_token" name="test_create_token_dao_not_found" time="0.042" /><testcase classname="tests.api.treasury.post.test_create_token" name="test_create_token_invalid_data" time="0.036" /><testcase classname="tests.api.treasury.post.test_create_transfer" name="test_create_transfer" time="0.044" /><testcase classname="tests.api.treasury.post.test_create_transfer" name="test_create_outgoing_transfer" time="0.042" /><testcase classname="tests.api.treasury.post.test_create_transfer" name="test_create_transfer_unauthorized" time="0.029" /><testcase classname="tests.api.treasury.post.test_create_transfer" name="test_create_transfer_dao_not_found" time="0.051" /><testcase classname="tests.api.treasury.post.test_create_transfer" name="test_create_transfer_token_not_found" time="0.043" /><testcase classname="tests.api.treasury.put.test_dao_treasury_view.TestDAOTokensPercentagesView" name="test_update_percentages_success" time="0.070" /><testcase classname="tests.api.treasury.put.test_dao_treasury_view.TestDAOTokensPercentagesView" name="test_update_percentages_dao_not_found" time="0.039" /><testcase classname="tests.api.treasury.put.test_dao_treasury_view.TestDAOTokensPercentagesView" name="test_update_percentages_unauthorized" time="0.044" /><testcase classname="tests.api.treasury.put.test_dao_treasury_view.TestDAOTokensPercentagesView" name="test_update_percentages_not_admin" time="0.074" /><testcase classname="tests.api.treasury.put.test_dao_treasury_view.TestDAOTokensPercentagesView" name="test_update_percentages_no_tokens" time="0.065" /><testcase classname="tests.api.treasury.put.test_dao_treasury_view.TestDAOTokensPercentagesView" name="test_update_percentages_update_failure" time="0.083" /><testcase classname="tests.api.treasury.put.test_dao_treasury_view.TestDAOTokensPercentagesView" name="test_cache_invalidation" time="0.077" /><testcase classname="tests.api.treasury.put.test_dao_treasury_view.TestDAOTokensPercentagesView" name="test_cached_response" time="0.046" /><testcase classname="tests.api.users.get.test_api_get_users" name="test_get_auth_user" time="0.076" /><testcase classname="tests.api.users.get.test_api_get_users" name="test_get_one_user_not_logged" time="0.018" /><testcase classname="tests.api.users.get.test_api_get_users" name="test_check_user_exists" time="0.023" /><testcase classname="tests.api.users.get.test_api_get_users" name="test_check_user_does_not_exist" time="0.003" /><testcase classname="tests.api.users.post.test_api_create_user" name="test_create_user" time="0.018" /><testcase classname="tests.api.users.post.test_api_create_user" name="test_create_user_empty_data" time="0.005" /><testcase classname="tests.api.users.post.test_api_create_user" name="test_create_email_already_used" time="0.015" /><testcase classname="tests.api.users.post.test_api_create_user" name="test_create_user_invalid_email" time="0.004" /><testcase classname="tests.api.users.post.test_api_create_user" name="test_create_discord_username_already_used" time="0.015" /><testcase classname="tests.api.users.post.test_api_create_user" name="test_create_wallet_address_already_used" time="0.015" /><testcase classname="tests.api.users.post.test_api_create_user" name="test_create_user_username_already_used" time="0.017" /><testcase classname="tests.api.users.put.test_api_put_user" name="test_user_update" time="0.243" /><testcase classname="tests.api.users.put.test_api_put_user" name="test_user_update_email" time="0.037" /><testcase classname="tests.api.users.put.test_api_put_user" name="test_user_update_wallet_address" time="0.021" /><testcase classname="tests.api.users.put.test_api_put_user" name="test_user_update_no_payload" time="0.027" /><testcase classname="tests.api.users.put.test_api_put_user" name="test_user_update_not_found" time="0.022" /><testcase classname="tests.api.users.put.test_api_put_user" name="test_user_update_not_logged" time="0.015" /><testcase classname="tests.api.users.put.test_api_put_user" name="test_put_one_user_not_authorized" time="0.032" /><testcase classname="tests.email.test_send_email" name="test_send_email_localhost_success" time="0.002" /><testcase classname="tests.email.test_send_email" name="test_send_email_remote_server_success" time="0.003" /><testcase classname="tests.email.test_send_email" name="test_send_email_smtp_error" time="0.001" /><testcase classname="tests.models.daos.test_create_community_model" name="test_model_create_community" time="0.021" /><testcase classname="tests.models.daos.test_create_dao_model" name="test_model_create_dao" time="0.012" /><testcase classname="tests.models.pods.test_create_pod_model" name="test_model_create_pod" time="0.027" /><testcase classname="tests.models.pods.test_update_pod_model" name="test_update_pod" time="0.035" /><testcase classname="tests.models.pods.test_update_pod_model" name="test_partial_update_pod" time="0.040" /><testcase classname="tests.models.treasury.test_token_model" name="test_model_create_token" time="0.024" /><testcase classname="tests.models.treasury.test_token_model" name="test_model_update_token" time="0.027" /><testcase classname="tests.models.treasury.test_token_model" name="test_get_tokens_by_dao_id" time="0.030" /><testcase classname="tests.models.treasury.test_transfer_model" name="test_model_create_transfer" time="0.028" /><testcase classname="tests.models.treasury.test_transfer_model" name="test_get_transfers_by_dao_id" time="0.033" /><testcase classname="tests.models.treasury.test_transfer_model" name="test_get_transfers_by_token_id" time="0.030" /><testcase classname="tests.models.users.test_create_user" name="test_model_create_user" time="0.001" /><testcase classname="tests.models.users.test_get_user" name="test_model_get_user" time="0.028" /><testcase classname="tests.models.users.test_get_user" name="test_model_get_user_wrong_id_format" time="0.001" /><testcase classname="tests.models.users.test_send_email_user" name="test_send_email_to_user" time="0.016" /><testcase classname="tests.models.users.test_send_email_user" name="test_send_email_to_user_error" time="0.013" /><testcase classname="tests.models.users.test_update_user" name="test_model_update_user" time="0.016" /><testcase classname="tests.schemas.test_schemas" name="test_input_create_user_schema" time="0.001" /><testcase classname="tests.test_config" name="test_default_config" time="0.001" /><testcase classname="tests.test_config" name="test_config" time="0.008" /></testsuite></testsuites>