<?xml version="1.0" encoding="utf-8"?><testsuites><testsuite name="pytest" errors="0" failures="0" skipped="0" tests="48" time="21.105" timestamp="2025-02-08T10:57:30.130919+01:00" hostname="Mac-mini-de-victor.local"><testcase classname="tests.api.auth.test_api_login" name="test_login_success" time="0.989" /><testcase classname="tests.api.auth.test_api_login" name="test_login_invalid_email" time="0.003" /><testcase classname="tests.api.auth.test_api_login" name="test_login_invalid_password" time="0.677" /><testcase classname="tests.api.auth.test_api_login" name="test_user_not_found" time="0.002" /><testcase classname="tests.api.auth.test_api_logout" name="test_logout_success" time="0.721" /><testcase classname="tests.api.auth.test_api_logout" name="test_logout_no_token" time="0.002" /><testcase classname="tests.api.auth.test_api_logout" name="test_logout_invalid_token" time="0.001" /><testcase classname="tests.api.auth.test_api_logout" name="test_logout_expired_token" time="0.608" /><testcase classname="tests.api.data.test_api_get_items" name="test_get_items" time="0.729" /><testcase classname="tests.api.data.test_api_get_items" name="test_get_items_with_source" time="0.757" /><testcase classname="tests.api.data.test_api_get_items" name="test_get_items_invalid_dates" time="0.823" /><testcase classname="tests.api.data.test_api_get_items" name="test_get_items_not_logged" time="0.330" /><testcase classname="tests.api.data.test_api_get_summary" name="test_get_summary" time="0.591" /><testcase classname="tests.api.data.test_api_get_summary" name="test_get_summary_invalid_dates" time="0.578" /><testcase classname="tests.api.data.test_api_get_summary" name="test_get_summary_not_logged" time="0.321" /><testcase classname="tests.api.data.test_api_get_summary" name="test_get_summary_source_list" time="0.616" /><testcase classname="tests.api.data.test_api_get_summary" name="test_get_summary_source_dict" time="0.564" /><testcase classname="tests.api.data.test_api_get_summary" name="test_get_summary_source_not_convertible" time="0.524" /><testcase classname="tests.api.users.get.test_api_get_users" name="test_get_one_user" time="0.576" /><testcase classname="tests.api.users.get.test_api_get_users" name="test_get_one_user_not_found" time="0.664" /><testcase classname="tests.api.users.get.test_api_get_users" name="test_get_one_user_not_authorized" time="0.846" /><testcase classname="tests.api.users.get.test_api_get_users" name="test_get_one_user_not_logged" time="0.285" /><testcase classname="tests.api.users.post.test_api_create_user" name="test_create_user" time="0.666" /><testcase classname="tests.api.users.post.test_api_create_user" name="test_create_user_empty_data" time="0.003" /><testcase classname="tests.api.users.post.test_api_create_user" name="test_create_email_already_used" time="0.272" /><testcase classname="tests.api.users.post.test_api_create_user" name="test_create_user_invalid_email" time="0.002" /><testcase classname="tests.api.users.post.test_api_create_user" name="test_create_discord_username_already_used" time="0.271" /><testcase classname="tests.api.users.post.test_api_create_user" name="test_create_wallet_address_already_used" time="0.270" /><testcase classname="tests.api.users.put.test_api_put_user" name="test_user_update" time="0.797" /><testcase classname="tests.api.users.put.test_api_put_user" name="test_user_update_email" time="0.549" /><testcase classname="tests.api.users.put.test_api_put_user" name="test_user_update_password" time="1.376" /><testcase classname="tests.api.users.put.test_api_put_user" name="test_user_update_wallet_address" time="0.609" /><testcase classname="tests.api.users.put.test_api_put_user" name="test_user_update_no_payload" time="0.670" /><testcase classname="tests.api.users.put.test_api_put_user" name="test_user_update_not_found" time="0.688" /><testcase classname="tests.api.users.put.test_api_put_user" name="test_user_update_not_logged" time="0.355" /><testcase classname="tests.api.users.put.test_api_put_user" name="test_put_one_user_not_authorized" time="0.764" /><testcase classname="tests.email.test_send_email" name="test_send_email_localhost_success" time="0.002" /><testcase classname="tests.email.test_send_email" name="test_send_email_remote_server_success" time="0.003" /><testcase classname="tests.email.test_send_email" name="test_send_email_smtp_error" time="0.036" /><testcase classname="tests.models.users.test_create_user" name="test_model_create_user" time="0.519" /><testcase classname="tests.models.users.test_get_user" name="test_model_get_user" time="0.552" /><testcase classname="tests.models.users.test_get_user" name="test_model_get_user_wrong_id_format" time="0.007" /><testcase classname="tests.models.users.test_send_email_user" name="test_send_email_to_user" time="0.303" /><testcase classname="tests.models.users.test_send_email_user" name="test_send_email_to_user_error" time="0.248" /><testcase classname="tests.models.users.test_update_user" name="test_model_update_user" time="0.252" /><testcase classname="tests.schemas.test_schemas" name="test_input_create_user_schema" time="0.001" /><testcase classname="tests.test_config" name="test_default_config" time="0.001" /><testcase classname="tests.test_config" name="test_config" time="0.002" /></testsuite></testsuites>