<?xml version="1.0" encoding="utf-8"?><testsuites><testsuite name="pytest" errors="0" failures="0" skipped="0" tests="34" time="12.349" timestamp="2025-02-02T12:14:19.722092+01:00" hostname="Mac-mini-de-victor.local"><testcase classname="tests.api.auth.test_api_login" name="test_login_success" time="0.748" /><testcase classname="tests.api.auth.test_api_login" name="test_login_invalid_email" time="0.002" /><testcase classname="tests.api.auth.test_api_login" name="test_login_invalid_password" time="0.521" /><testcase classname="tests.api.auth.test_api_login" name="test_user_not_found" time="0.003" /><testcase classname="tests.api.auth.test_api_logout" name="test_logout_success" time="0.547" /><testcase classname="tests.api.auth.test_api_logout" name="test_logout_no_token" time="0.001" /><testcase classname="tests.api.auth.test_api_logout" name="test_logout_invalid_token" time="0.001" /><testcase classname="tests.api.auth.test_api_logout" name="test_logout_expired_token" time="0.508" /><testcase classname="tests.api.data.test_api_get_items" name="test_get_items" time="0.611" /><testcase classname="tests.api.data.test_api_get_items" name="test_get_items_with_source" time="0.530" /><testcase classname="tests.api.data.test_api_get_items" name="test_get_items_invalid_dates" time="0.508" /><testcase classname="tests.api.data.test_api_get_items" name="test_get_items_not_logged" time="0.248" /><testcase classname="tests.api.users.get.test_api_get_users" name="test_get_one_user" time="0.525" /><testcase classname="tests.api.users.get.test_api_get_users" name="test_get_one_user_not_found" time="0.494" /><testcase classname="tests.api.users.get.test_api_get_users" name="test_get_one_user_not_authorized" time="0.778" /><testcase classname="tests.api.users.get.test_api_get_users" name="test_get_one_user_not_logged" time="0.244" /><testcase classname="tests.api.users.post.test_api_create_user" name="test_create_user" time="0.486" /><testcase classname="tests.api.users.post.test_api_create_user" name="test_create_user_empty_data" time="0.004" /><testcase classname="tests.api.users.post.test_api_create_user" name="test_create_email_already_used" time="0.250" /><testcase classname="tests.api.users.post.test_api_create_user" name="test_create_discord_username_already_used" time="0.245" /><testcase classname="tests.api.users.post.test_api_create_user" name="test_create_github_username_already_used" time="0.264" /><testcase classname="tests.api.users.post.test_api_create_user" name="test_create_wallet_address_already_used" time="0.261" /><testcase classname="tests.api.users.put.test_api_put_user" name="test_user_update" time="0.621" /><testcase classname="tests.api.users.put.test_api_put_user" name="test_user_update_no_payload" time="0.617" /><testcase classname="tests.api.users.put.test_api_put_user" name="test_user_update_not_found" time="0.787" /><testcase classname="tests.api.users.put.test_api_put_user" name="test_user_update_not_logged" time="0.311" /><testcase classname="tests.api.users.put.test_api_put_user" name="test_user_update_error_during_save" time="0.516" /><testcase classname="tests.models.users.test_create_user" name="test_model_create_user" time="0.491" /><testcase classname="tests.models.users.test_get_user" name="test_model_get_user" time="0.521" /><testcase classname="tests.models.users.test_get_user" name="test_model_get_user_wrong_id_format" time="0.000" /><testcase classname="tests.models.users.test_update_user" name="test_model_update_user" time="0.260" /><testcase classname="tests.schemas.test_schemas" name="test_input_create_user_schema" time="0.001" /><testcase classname="tests.test_config" name="test_default_config" time="0.000" /><testcase classname="tests.test_config" name="test_config" time="0.001" /></testsuite></testsuites>