<?xml version="1.0" encoding="utf-8"?><testsuites><testsuite name="pytest" errors="0" failures="0" skipped="0" tests="16" time="0.802" timestamp="2025-01-31T20:45:42.561413+01:00" hostname="Mac-mini-de-victor.local"><testcase classname="tests.api.users.get.test_api_get_users" name="test_get_one_user" time="0.215" /><testcase classname="tests.api.users.get.test_api_get_users" name="test_get_one_user_not_found" time="0.011" /><testcase classname="tests.api.users.post.test_api_create_user" name="test_create_user" time="0.005" /><testcase classname="tests.api.users.post.test_api_create_user" name="test_create_user_empty_data" time="0.003" /><testcase classname="tests.api.users.post.test_api_create_user" name="test_create_email_already_used" time="0.011" /><testcase classname="tests.api.users.post.test_api_create_user" name="test_create_discord_username_already_used" time="0.012" /><testcase classname="tests.api.users.post.test_api_create_user" name="test_create_github_username_already_used" time="0.011" /><testcase classname="tests.api.users.post.test_api_create_user" name="test_create_wallet_address_already_used" time="0.010" /><testcase classname="tests.api.users.put.test_api_put_user" name="test_user_update" time="0.011" /><testcase classname="tests.api.users.put.test_api_put_user" name="test_user_update_no_payload" time="0.019" /><testcase classname="tests.api.users.put.test_api_put_user" name="test_user_update_not_found" time="0.010" /><testcase classname="tests.api.users.put.test_api_put_user" name="test_user_update_error_during_save" time="0.010" /><testcase classname="tests.models.users.test_create_user" name="test_model_create_user" time="0.001" /><testcase classname="tests.models.users.test_get_user" name="test_model_get_user" time="0.015" /><testcase classname="tests.models.users.test_get_user" name="test_model_get_user_wrong_id_format" time="0.001" /><testcase classname="tests.models.users.test_update_user" name="test_model_update_user" time="0.009" /></testsuite></testsuites>